mode: set
github.com/JuanDRojasC/C12-Testing-TM/go-web/internal/products/repository.go:44.50,45.45 1 1
github.com/JuanDRojasC/C12-Testing-TM/go-web/internal/products/repository.go:48.2,48.22 1 1
github.com/JuanDRojasC/C12-Testing-TM/go-web/internal/products/repository.go:45.45,47.3 1 1
github.com/JuanDRojasC/C12-Testing-TM/go-web/internal/products/repository.go:52.54,53.45 1 1
github.com/JuanDRojasC/C12-Testing-TM/go-web/internal/products/repository.go:56.2,57.16 2 1
github.com/JuanDRojasC/C12-Testing-TM/go-web/internal/products/repository.go:60.2,60.30 1 1
github.com/JuanDRojasC/C12-Testing-TM/go-web/internal/products/repository.go:53.45,55.3 1 1
github.com/JuanDRojasC/C12-Testing-TM/go-web/internal/products/repository.go:57.16,59.3 1 1
github.com/JuanDRojasC/C12-Testing-TM/go-web/internal/products/repository.go:64.130,65.45 1 1
github.com/JuanDRojasC/C12-Testing-TM/go-web/internal/products/repository.go:68.2,80.55 4 1
github.com/JuanDRojasC/C12-Testing-TM/go-web/internal/products/repository.go:83.2,83.24 1 1
github.com/JuanDRojasC/C12-Testing-TM/go-web/internal/products/repository.go:65.45,67.3 1 1
github.com/JuanDRojasC/C12-Testing-TM/go-web/internal/products/repository.go:80.55,82.3 1 1
github.com/JuanDRojasC/C12-Testing-TM/go-web/internal/products/repository.go:87.140,88.45 1 1
github.com/JuanDRojasC/C12-Testing-TM/go-web/internal/products/repository.go:91.2,92.16 2 1
github.com/JuanDRojasC/C12-Testing-TM/go-web/internal/products/repository.go:95.2,105.55 2 1
github.com/JuanDRojasC/C12-Testing-TM/go-web/internal/products/repository.go:108.2,108.30 1 1
github.com/JuanDRojasC/C12-Testing-TM/go-web/internal/products/repository.go:88.45,90.3 1 1
github.com/JuanDRojasC/C12-Testing-TM/go-web/internal/products/repository.go:92.16,94.3 1 1
github.com/JuanDRojasC/C12-Testing-TM/go-web/internal/products/repository.go:105.55,107.3 1 1
github.com/JuanDRojasC/C12-Testing-TM/go-web/internal/products/repository.go:112.75,113.45 1 1
github.com/JuanDRojasC/C12-Testing-TM/go-web/internal/products/repository.go:116.2,117.16 2 1
github.com/JuanDRojasC/C12-Testing-TM/go-web/internal/products/repository.go:120.2,121.55 2 1
github.com/JuanDRojasC/C12-Testing-TM/go-web/internal/products/repository.go:124.2,124.30 1 1
github.com/JuanDRojasC/C12-Testing-TM/go-web/internal/products/repository.go:113.45,115.3 1 1
github.com/JuanDRojasC/C12-Testing-TM/go-web/internal/products/repository.go:117.16,119.3 1 1
github.com/JuanDRojasC/C12-Testing-TM/go-web/internal/products/repository.go:121.55,123.3 1 1
github.com/JuanDRojasC/C12-Testing-TM/go-web/internal/products/repository.go:128.77,129.45 1 1
github.com/JuanDRojasC/C12-Testing-TM/go-web/internal/products/repository.go:132.2,133.16 2 1
github.com/JuanDRojasC/C12-Testing-TM/go-web/internal/products/repository.go:136.2,137.55 2 1
github.com/JuanDRojasC/C12-Testing-TM/go-web/internal/products/repository.go:140.2,140.30 1 1
github.com/JuanDRojasC/C12-Testing-TM/go-web/internal/products/repository.go:129.45,131.3 1 1
github.com/JuanDRojasC/C12-Testing-TM/go-web/internal/products/repository.go:133.16,135.3 1 1
github.com/JuanDRojasC/C12-Testing-TM/go-web/internal/products/repository.go:137.55,139.3 1 1
github.com/JuanDRojasC/C12-Testing-TM/go-web/internal/products/repository.go:144.43,145.45 1 1
github.com/JuanDRojasC/C12-Testing-TM/go-web/internal/products/repository.go:148.2,149.16 2 1
github.com/JuanDRojasC/C12-Testing-TM/go-web/internal/products/repository.go:152.2,153.55 2 1
github.com/JuanDRojasC/C12-Testing-TM/go-web/internal/products/repository.go:156.2,156.12 1 1
github.com/JuanDRojasC/C12-Testing-TM/go-web/internal/products/repository.go:145.45,147.3 1 1
github.com/JuanDRojasC/C12-Testing-TM/go-web/internal/products/repository.go:149.16,151.3 1 1
github.com/JuanDRojasC/C12-Testing-TM/go-web/internal/products/repository.go:153.55,155.3 1 1
github.com/JuanDRojasC/C12-Testing-TM/go-web/internal/products/repository.go:160.44,161.45 1 1
github.com/JuanDRojasC/C12-Testing-TM/go-web/internal/products/repository.go:164.2,164.24 1 1
github.com/JuanDRojasC/C12-Testing-TM/go-web/internal/products/repository.go:167.2,167.46 1 1
github.com/JuanDRojasC/C12-Testing-TM/go-web/internal/products/repository.go:161.45,163.3 1 1
github.com/JuanDRojasC/C12-Testing-TM/go-web/internal/products/repository.go:164.24,166.3 1 1
github.com/JuanDRojasC/C12-Testing-TM/go-web/internal/products/repository.go:171.58,172.45 1 1
github.com/JuanDRojasC/C12-Testing-TM/go-web/internal/products/repository.go:175.2,175.26 1 1
github.com/JuanDRojasC/C12-Testing-TM/go-web/internal/products/repository.go:180.2,180.54 1 1
github.com/JuanDRojasC/C12-Testing-TM/go-web/internal/products/repository.go:172.45,174.3 1 1
github.com/JuanDRojasC/C12-Testing-TM/go-web/internal/products/repository.go:175.26,176.27 1 1
github.com/JuanDRojasC/C12-Testing-TM/go-web/internal/products/repository.go:176.27,178.4 1 1
github.com/JuanDRojasC/C12-Testing-TM/go-web/internal/products/repository.go:184.47,186.2 1 1
github.com/JuanDRojasC/C12-Testing-TM/go-web/internal/products/service.go:18.47,20.16 2 1
github.com/JuanDRojasC/C12-Testing-TM/go-web/internal/products/service.go:23.2,23.22 1 1
github.com/JuanDRojasC/C12-Testing-TM/go-web/internal/products/service.go:20.16,22.3 1 1
github.com/JuanDRojasC/C12-Testing-TM/go-web/internal/products/service.go:27.51,29.16 2 1
github.com/JuanDRojasC/C12-Testing-TM/go-web/internal/products/service.go:32.2,32.21 1 1
github.com/JuanDRojasC/C12-Testing-TM/go-web/internal/products/service.go:29.16,31.3 1 1
github.com/JuanDRojasC/C12-Testing-TM/go-web/internal/products/service.go:36.127,38.16 2 1
github.com/JuanDRojasC/C12-Testing-TM/go-web/internal/products/service.go:41.2,41.21 1 1
github.com/JuanDRojasC/C12-Testing-TM/go-web/internal/products/service.go:38.16,40.3 1 1
github.com/JuanDRojasC/C12-Testing-TM/go-web/internal/products/service.go:45.137,47.16 2 1
github.com/JuanDRojasC/C12-Testing-TM/go-web/internal/products/service.go:50.2,50.21 1 1
github.com/JuanDRojasC/C12-Testing-TM/go-web/internal/products/service.go:47.16,49.3 1 1
github.com/JuanDRojasC/C12-Testing-TM/go-web/internal/products/service.go:54.72,56.16 2 1
github.com/JuanDRojasC/C12-Testing-TM/go-web/internal/products/service.go:59.2,59.21 1 1
github.com/JuanDRojasC/C12-Testing-TM/go-web/internal/products/service.go:56.16,58.3 1 1
github.com/JuanDRojasC/C12-Testing-TM/go-web/internal/products/service.go:63.74,65.16 2 1
github.com/JuanDRojasC/C12-Testing-TM/go-web/internal/products/service.go:68.2,68.21 1 1
github.com/JuanDRojasC/C12-Testing-TM/go-web/internal/products/service.go:65.16,67.3 1 1
github.com/JuanDRojasC/C12-Testing-TM/go-web/internal/products/service.go:72.40,73.48 1 1
github.com/JuanDRojasC/C12-Testing-TM/go-web/internal/products/service.go:76.2,76.12 1 1
github.com/JuanDRojasC/C12-Testing-TM/go-web/internal/products/service.go:73.48,75.3 1 1
github.com/JuanDRojasC/C12-Testing-TM/go-web/internal/products/service.go:80.39,82.2 1 1
